<?xml version="1.0" encoding="UTF-8" ?>
<testsuite errors="0" failures="0" hostname="E320" name="myatm.ATMTest" skipped="0" tests="9" time="0.289" timestamp="2013-11-17T13:17:10">
  <properties>
[...]
</properties>
  <testcase classname="myatm.ATMTest" name="CheckBalance_valuesOK_BalanceGiven" time="0.184" />
  <testcase classname="myatm.ATMTest" name="ValidateCard_valuesBLockedAndPaswWrong_validationFalse" time="0.001" />
  <testcase classname="myatm.ATMTest" name="GetMoneyInATM_valuesOK_MoneyAreShown" time="0.0" />
  <testcase classname="myatm.ATMTest" name="GetCash_noMoneyAcc_ExceptionNotEnoughMoneyInAccount" time="0.002" />
  <testcase classname="myatm.ATMTest" name="ValidateCard_valuesOK_validationTrue" time="0.002" />
  <testcase classname="myatm.ATMTest" name="GetCash_valuesOK_getBalanceAtLeastOnce" time="0.01" />
  <testcase classname="myatm.ATMTest" name="GetCash_noMoneyATM_ExceptionNotEnoughMoneyInATM" time="0.001" />
  <testcase classname="myatm.ATMTest" name="ValidateCard_cardIsBlocked_ExceptionNoCardInserted" time="0.002" />
  <testcase classname="myatm.ATMTest" name="GetCash_valuesOK_CashGot" time="0.002" />
  <system-out><![CDATA[ValidateCard_valuesOK_validationTrue
CheckBalance_valuesOK_BalanceGiven
ValidateCard_valuesBLockedAndPaswWrong_validationFalse
GetMoneyInATM_valuesOK_MoneyAreShown
ValidateCard_valuesOK_validationTrue
GetCash_noMoneyAcc_ExceptionNotEnoughMoneyInAccount
ValidateCard_valuesOK_validationTrue
ValidateCard_valuesOK_validationTrue
GetCash_valuesOK_CashGot
ValidateCard_valuesOK_validationTrue
GetCash_noMoneyATM_ExceptionNotEnoughMoneyInATM
ValidateCard_cardIsBlocked_ExceptionNoCardInserted
ValidateCard_valuesOK_validationTrue
GetCash_valuesOK_CashGot
]]></system-out>
  <system-err><![CDATA[]]></system-err>
</testsuite>
